\BOOKMARK [1][-]{section.1}{\376\377\000I\000n\000t\000r\000o\000d\000u\000c\000t\000i\000o\000n}{}% 1
\BOOKMARK [1][-]{section.2}{\376\377\000S\000T\000I\000X\000\040\000r\000a\000w\000\040\000t\000e\000l\000e\000m\000e\000t\000r\000y\000\040\000d\000a\000t\000a}{}% 2
\BOOKMARK [2][-]{subsection.2.1}{\376\377\000H\000o\000u\000s\000e\000k\000e\000e\000p\000i\000n\000g\000\040\000d\000a\000t\000a}{section.2}% 3
\BOOKMARK [2][-]{subsection.2.2}{\376\377\000Q\000u\000i\000c\000k\000-\000l\000o\000o\000k\000\040\000d\000a\000t\000a}{section.2}% 4
\BOOKMARK [2][-]{subsection.2.3}{\376\377\000B\000u\000l\000k\000\040\000s\000c\000i\000e\000n\000c\000e\000\040\000d\000a\000t\000a\000\040}{section.2}% 5
\BOOKMARK [1][-]{section.3}{\376\377\000D\000a\000t\000a\000\040\000r\000e\000c\000e\000p\000t\000i\000o\000n}{}% 6
\BOOKMARK [1][-]{section.4}{\376\377\000D\000a\000t\000a\000\040\000p\000r\000o\000c\000e\000s\000s\000i\000n\000g\000\040\000p\000i\000p\000e\000l\000i\000n\000e\000s}{}% 7
\BOOKMARK [2][-]{subsection.4.1}{\376\377\000D\000a\000t\000a\000\040\000p\000r\000o\000c\000e\000s\000s\000i\000n\000g\000\040\000p\000i\000p\000e\000l\000i\000n\000e\000\040\000o\000v\000e\000r\000v\000i\000e\000w}{section.4}% 8
\BOOKMARK [2][-]{subsection.4.2}{\376\377\000R\000a\000w\000\040\000p\000a\000c\000k\000e\000t\000\040\000p\000a\000r\000s\000i\000n\000g}{section.4}% 9
\BOOKMARK [3][-]{subsubsection.4.2.1}{\376\377\000F\000I\000T\000S\000\040\000p\000r\000o\000d\000u\000c\000t\000s\000\040\000c\000r\000e\000a\000t\000i\000o\000n}{subsection.4.2}% 10
\BOOKMARK [2][-]{subsection.4.3}{\376\377\000E\000n\000e\000r\000g\000y\000\040\000c\000a\000l\000i\000b\000r\000a\000t\000i\000o\000n}{section.4}% 11
\BOOKMARK [2][-]{subsection.4.4}{\376\377\000S\000o\000l\000a\000r\000\040\000f\000l\000a\000r\000e\000\040\000i\000d\000e\000n\000t\000i\000f\000i\000c\000a\000t\000i\000o\000n}{section.4}% 12
\BOOKMARK [2][-]{subsection.4.5}{\376\377\000S\000o\000l\000a\000r\000\040\000f\000l\000a\000r\000e\000\040\000s\000t\000a\000n\000d\000a\000r\000d\000\040\000a\000n\000a\000l\000y\000s\000i\000s\000\040\000p\000i\000p\000e\000l\000i\000n\000e}{section.4}% 13
\BOOKMARK [3][-]{subsubsection.4.5.1}{\376\377\000E\000s\000t\000i\000m\000a\000t\000i\000o\000n\000\040\000o\000f\000\040\000s\000o\000l\000a\000r\000\040\000f\000l\000a\000r\000e\000\040\000G\000O\000E\000S\000\040\000c\000l\000a\000s\000s\000\040}{subsection.4.5}% 14
\BOOKMARK [3][-]{subsubsection.4.5.2}{\376\377\000E\000s\000t\000i\000m\000a\000t\000i\000o\000n\000\040\000o\000f\000\040\000c\000o\000a\000r\000s\000e\000\040\000f\000l\000a\000r\000e\000\040\000l\000o\000c\000a\000t\000i\000o\000n\000s\000\040\000u\000s\000i\000n\000g\000\040\000C\000F\000L\000\040\000d\000a\000t\000a}{subsection.4.5}% 15
\BOOKMARK [3][-]{subsubsection.4.5.3}{\376\377\000I\000m\000a\000g\000i\000n\000g\000\040\000a\000n\000d\000\040\000s\000p\000e\000c\000t\000r\000o\000s\000c\000o\000p\000y\000\040\000p\000i\000p\000e\000l\000i\000n\000e}{subsection.4.5}% 16
\BOOKMARK [1][-]{section.5}{\376\377\000S\000c\000i\000e\000n\000c\000e\000\040\000d\000a\000t\000a\000\040\000r\000e\000q\000u\000e\000s\000t\000\040\000s\000t\000r\000a\000t\000e\000g\000y}{}% 17
\BOOKMARK [1][-]{section.6}{\376\377\000S\000T\000I\000X\000\040\000d\000a\000t\000a\000\040\000p\000l\000a\000t\000f\000o\000r\000m\000\040\000u\000s\000e\000r\000\040\000i\000n\000t\000e\000r\000f\000a\000c\000e\000s}{}% 18
\BOOKMARK [2][-]{subsection.6.1}{\376\377\000I\000n\000t\000e\000r\000a\000c\000t\000i\000v\000e\000\040\000w\000e\000b\000\040\000p\000a\000g\000e\000s}{section.6}% 19
\BOOKMARK [2][-]{subsection.6.2}{\376\377\000S\000T\000I\000X\000\040\000d\000a\000t\000a\000\040\000c\000e\000n\000t\000e\000r\000\040\000i\000n\000t\000e\000r\000f\000a\000c\000e\000:\000\040\000s\000t\000i\000x\000d\000c\000p\000y}{section.6}% 20
\BOOKMARK [1][-]{section.7}{\376\377\000S\000u\000m\000m\000a\000r\000y}{}% 21
